{"/Users/hannahhubner/Desktop/Code/Brian Tutorial/complete-intro-to-react/js/Search.js": {"path":"/Users/hannahhubner/Desktop/Code/Brian Tutorial/complete-intro-to-react/js/Search.js","statementMap":{"0":{"start":{"line":4,"column":19},"end":{"line":4,"column":34}},"1":{"start":{"line":6,"column":15},"end":{"line":34,"column":2}},"2":{"start":{"line":8,"column":4},"end":{"line":10,"column":5}},"3":{"start":{"line":13,"column":4},"end":{"line":13,"column":51}},"4":{"start":{"line":16,"column":4},"end":{"line":32,"column":5}},"5":{"start":{"line":24,"column":28},"end":{"line":24,"column":127}},"6":{"start":{"line":26,"column":12},"end":{"line":28,"column":13}}},"fnMap":{"0":{"name":"(anonymous_0)","decl":{"start":{"line":24,"column":18},"end":{"line":24,"column":19}},"loc":{"start":{"line":24,"column":28},"end":{"line":24,"column":127}}},"1":{"name":"(anonymous_1)","decl":{"start":{"line":25,"column":18},"end":{"line":25,"column":19}},"loc":{"start":{"line":25,"column":28},"end":{"line":29,"column":11}}}},"branchMap":{},"s":{"0":1,"1":1,"2":3,"3":1,"4":4,"5":84,"6":65},"f":{"0":84,"1":65},"b":{},"_coverageSchema":"332fd63041d2c1bcb487cc26dd0d5f7d97098a6c","hash":"c34f17e81850305a84026fd4399f375f23590db0"}
,"/Users/hannahhubner/Desktop/Code/Brian Tutorial/complete-intro-to-react/js/ShowCard.js": {"path":"/Users/hannahhubner/Desktop/Code/Brian Tutorial/complete-intro-to-react/js/ShowCard.js","statementMap":{"0":{"start":{"line":2,"column":19},"end":{"line":2,"column":34}},"1":{"start":{"line":5,"column":17},"end":{"line":23,"column":2}},"2":{"start":{"line":13,"column":49},"end":{"line":13,"column":59}},"3":{"start":{"line":14,"column":4},"end":{"line":21,"column":5}}},"fnMap":{},"branchMap":{},"s":{"0":1,"1":1,"2":0,"3":0},"f":{},"b":{},"_coverageSchema":"332fd63041d2c1bcb487cc26dd0d5f7d97098a6c","hash":"376ea78458e6347d84ea651f3d9b0141b106083f"}
}
